# JRE version: OpenJDK Runtime Environment Temurin-17.0.4.1+1 (17.0.4.1+1) (build 17.0.4.1+1)
# Java VM: OpenJDK 64-Bit Server VM Temurin-17.0.4.1+1 (17.0.4.1+1, mixed mode, tiered, compressed oops, compressed class ptrs, parallel gc, linux-amd64)
GC Precious Log:
 CPUs: 4 total, 4 available
 Memory: 7384M
 Large Page Support: Disabled
 NUMA Support: Disabled
 Compressed Oops: Enabled (32-bit)
 Alignments: Space 512K, Generation 512K, Heap 2M
 Heap Min Capacity: 100M
 Heap Initial Capacity: 100M
 Heap Max Capacity: 1G
 Pre-touch: Disabled
 Parallel Workers: 4
Heap:
 PSYoungGen      total 5120K, used 2560K [0x00000000eab00000, 0x00000000eb380000, 0x0000000100000000)
  eden space 2560K, 0% used [0x00000000eab00000,0x00000000eab00000,0x00000000ead80000)
  from space 2560K, 100% used [0x00000000ead80000,0x00000000eb000000,0x00000000eb000000)
  to   space 3072K, 0% used [0x00000000eb080000,0x00000000eb080000,0x00000000eb380000)
 ParOldGen       total 123392K, used 121786K [0x00000000c0000000, 0x00000000c7880000, 0x00000000eab00000)
  object space 123392K, 98% used [0x00000000c0000000,0x00000000c76eeaf8,0x00000000c7880000)
 Metaspace       used 85671K, committed 86720K, reserved 1130496K
  class space    used 8372K, committed 8768K, reserved 1048576K
GC Heap History (20 events):
Event: 3373,856 GC heap after
{Heap after GC invocations=6951 (full 235):
 PSYoungGen      total 4096K, used 224K [0x00000000eab00000, 0x00000000eb380000, 0x0000000100000000)
  eden space 3584K, 0% used [0x00000000eab00000,0x00000000eab00000,0x00000000eae80000)
  from space 512K, 43% used [0x00000000eb300000,0x00000000eb338000,0x00000000eb380000)
  to   space 2048K, 0% used [0x00000000eaf80000,0x00000000eaf80000,0x00000000eb180000)
 ParOldGen       total 123392K, used 113726K [0x00000000c0000000, 0x00000000c7880000, 0x00000000eab00000)
  object space 123392K, 92% used [0x00000000c0000000,0x00000000c6f0fae8,0x00000000c7880000)
 Metaspace       used 85644K, committed 86656K, reserved 1130496K
  class space    used 8372K, committed 8768K, reserved 1048576K
}
Event: 3373,879 GC heap before
{Heap before GC invocations=6952 (full 235):
 PSYoungGen      total 4096K, used 3808K [0x00000000eab00000, 0x00000000eb380000, 0x0000000100000000)
  eden space 3584K, 100% used [0x00000000eab00000,0x00000000eae80000,0x00000000eae80000)
  from space 512K, 43% used [0x00000000eb300000,0x00000000eb338000,0x00000000eb380000)
  to   space 2048K, 0% used [0x00000000eaf80000,0x00000000eaf80000,0x00000000eb180000)
 ParOldGen       total 123392K, used 113726K [0x00000000c0000000, 0x00000000c7880000, 0x00000000eab00000)
  object space 123392K, 92% used [0x00000000c0000000,0x00000000c6f0fae8,0x00000000c7880000)
 Metaspace       used 85644K, committed 86656K, reserved 1130496K
  class space    used 8372K, committed 8768K, reserved 1048576K
}
Event: 3373,883 GC heap after
{Heap after GC invocations=6952 (full 235):
 PSYoungGen      total 5632K, used 736K [0x00000000eab00000, 0x00000000eb380000, 0x0000000100000000)
  eden space 3584K, 0% used [0x00000000eab00000,0x00000000eab00000,0x00000000eae80000)
  from space 2048K, 35% used [0x00000000eaf80000,0x00000000eb038020,0x00000000eb180000)
  to   space 1024K, 0% used [0x00000000eb280000,0x00000000eb280000,0x00000000eb380000)
 ParOldGen       total 123392K, used 113899K [0x00000000c0000000, 0x00000000c7880000, 0x00000000eab00000)
  object space 123392K, 92% used [0x00000000c0000000,0x00000000c6f3afe8,0x00000000c7880000)
 Metaspace       used 85644K, committed 86656K, reserved 1130496K
  class space    used 8372K, committed 8768K, reserved 1048576K
}
Event: 3373,916 GC heap before
{Heap before GC invocations=6953 (full 235):
 PSYoungGen      total 5632K, used 4320K [0x00000000eab00000, 0x00000000eb380000, 0x0000000100000000)
  eden space 3584K, 100% used [0x00000000eab00000,0x00000000eae80000,0x00000000eae80000)
  from space 2048K, 35% used [0x00000000eaf80000,0x00000000eb038020,0x00000000eb180000)
  to   space 1024K, 0% used [0x00000000eb280000,0x00000000eb280000,0x00000000eb380000)
 ParOldGen       total 123392K, used 113899K [0x00000000c0000000, 0x00000000c7880000, 0x00000000eab00000)
  object space 123392K, 92% used [0x00000000c0000000,0x00000000c6f3afe8,0x00000000c7880000)
 Metaspace       used 85644K, committed 86656K, reserved 1130496K
  class space    used 8372K, committed 8768K, reserved 1048576K
}
Event: 3373,924 GC heap after
{Heap after GC invocations=6953 (full 235):
 PSYoungGen      total 4096K, used 320K [0x00000000eab00000, 0x00000000eb300000, 0x0000000100000000)
  eden space 3584K, 0% used [0x00000000eab00000,0x00000000eab00000,0x00000000eae80000)
  from space 512K, 62% used [0x00000000eb280000,0x00000000eb2d0000,0x00000000eb300000)
  to   space 512K, 0% used [0x00000000eb200000,0x00000000eb200000,0x00000000eb280000)
 ParOldGen       total 123392K, used 114566K [0x00000000c0000000, 0x00000000c7880000, 0x00000000eab00000)
  object space 123392K, 92% used [0x00000000c0000000,0x00000000c6fe1928,0x00000000c7880000)
 Metaspace       used 85644K, committed 86656K, reserved 1130496K
  class space    used 8372K, committed 8768K, reserved 1048576K
}
Event: 3373,955 GC heap before
{Heap before GC invocations=6954 (full 235):
 PSYoungGen      total 4096K, used 3904K [0x00000000eab00000, 0x00000000eb300000, 0x0000000100000000)
  eden space 3584K, 100% used [0x00000000eab00000,0x00000000eae80000,0x00000000eae80000)
  from space 512K, 62% used [0x00000000eb280000,0x00000000eb2d0000,0x00000000eb300000)
  to   space 512K, 0% used [0x00000000eb200000,0x00000000eb200000,0x00000000eb280000)
 ParOldGen       total 123392K, used 114566K [0x00000000c0000000, 0x00000000c7880000, 0x00000000eab00000)
  object space 123392K, 92% used [0x00000000c0000000,0x00000000c6fe1928,0x00000000c7880000)
 Metaspace       used 85644K, committed 86656K, reserved 1130496K
  class space    used 8372K, committed 8768K, reserved 1048576K
}
Event: 3373,958 GC heap after
{Heap after GC invocations=6954 (full 235):
 PSYoungGen      total 4096K, used 192K [0x00000000eab00000, 0x00000000eb300000, 0x0000000100000000)
  eden space 3584K, 0% used [0x00000000eab00000,0x00000000eab00000,0x00000000eae80000)
  from space 512K, 37% used [0x00000000eb200000,0x00000000eb230000,0x00000000eb280000)
  to   space 512K, 0% used [0x00000000eb280000,0x00000000eb280000,0x00000000eb300000)
 ParOldGen       total 123392K, used 114798K [0x00000000c0000000, 0x00000000c7880000, 0x00000000eab00000)
  object space 123392K, 93% used [0x00000000c0000000,0x00000000c701b928,0x00000000c7880000)
 Metaspace       used 85644K, committed 86656K, reserved 1130496K
  class space    used 8372K, committed 8768K, reserved 1048576K
}
Event: 3373,981 GC heap before
{Heap before GC invocations=6955 (full 235):
 PSYoungGen      total 4096K, used 3776K [0x00000000eab00000, 0x00000000eb300000, 0x0000000100000000)
  eden space 3584K, 100% used [0x00000000eab00000,0x00000000eae80000,0x00000000eae80000)
  from space 512K, 37% used [0x00000000eb200000,0x00000000eb230000,0x00000000eb280000)
  to   space 512K, 0% used [0x00000000eb280000,0x00000000eb280000,0x00000000eb300000)
 ParOldGen       total 123392K, used 114798K [0x00000000c0000000, 0x00000000c7880000, 0x00000000eab00000)
  object space 123392K, 93% used [0x00000000c0000000,0x00000000c701b928,0x00000000c7880000)
 Metaspace       used 85644K, committed 86656K, reserved 1130496K
  class space    used 8372K, committed 8768K, reserved 1048576K
}
Event: 3373,985 GC heap after
{Heap after GC invocations=6955 (full 235):
 PSYoungGen      total 4096K, used 496K [0x00000000eab00000, 0x00000000eb300000, 0x0000000100000000)
  eden space 3584K, 0% used [0x00000000eab00000,0x00000000eab00000,0x00000000eae80000)
  from space 512K, 96% used [0x00000000eb280000,0x00000000eb2fc010,0x00000000eb300000)
  to   space 1024K, 0% used [0x00000000eb100000,0x00000000eb100000,0x00000000eb200000)
 ParOldGen       total 123392K, used 114995K [0x00000000c0000000, 0x00000000c7880000, 0x00000000eab00000)
  object space 123392K, 93% used [0x00000000c0000000,0x00000000c704cdc8,0x00000000c7880000)
 Metaspace       used 85644K, committed 86656K, reserved 1130496K
  class space    used 8372K, committed 8768K, reserved 1048576K
}
Event: 3374,012 GC heap before
{Heap before GC invocations=6956 (full 235):
 PSYoungGen      total 4096K, used 4080K [0x00000000eab00000, 0x00000000eb300000, 0x0000000100000000)
  eden space 3584K, 100% used [0x00000000eab00000,0x00000000eae80000,0x00000000eae80000)
  from space 512K, 96% used [0x00000000eb280000,0x00000000eb2fc010,0x00000000eb300000)
  to   space 1024K, 0% used [0x00000000eb100000,0x00000000eb100000,0x00000000eb200000)
 ParOldGen       total 123392K, used 114995K [0x00000000c0000000, 0x00000000c7880000, 0x00000000eab00000)
  object space 123392K, 93% used [0x00000000c0000000,0x00000000c704cdc8,0x00000000c7880000)
 Metaspace       used 85644K, committed 86656K, reserved 1130496K
  class space    used 8372K, committed 8768K, reserved 1048576K
}
Event: 3374,014 GC heap after
{Heap after GC invocations=6956 (full 235):
 PSYoungGen      total 4608K, used 224K [0x00000000eab00000, 0x00000000eb300000, 0x0000000100000000)
  eden space 3584K, 0% used [0x00000000eab00000,0x00000000eab00000,0x00000000eae80000)
  from space 1024K, 21% used [0x00000000eb100000,0x00000000eb138000,0x00000000eb200000)
  to   space 512K, 0% used [0x00000000eb280000,0x00000000eb280000,0x00000000eb300000)
 ParOldGen       total 123392K, used 115504K [0x00000000c0000000, 0x00000000c7880000, 0x00000000eab00000)
  object space 123392K, 93% used [0x00000000c0000000,0x00000000c70cc268,0x00000000c7880000)
 Metaspace       used 85644K, committed 86656K, reserved 1130496K
  class space    used 8372K, committed 8768K, reserved 1048576K
}
Event: 3374,285 GC heap before
{Heap before GC invocations=6957 (full 235):
 PSYoungGen      total 4608K, used 3808K [0x00000000eab00000, 0x00000000eb300000, 0x0000000100000000)
  eden space 3584K, 100% used [0x00000000eab00000,0x00000000eae80000,0x00000000eae80000)
  from space 1024K, 21% used [0x00000000eb100000,0x00000000eb138000,0x00000000eb200000)
  to   space 512K, 0% used [0x00000000eb280000,0x00000000eb280000,0x00000000eb300000)
 ParOldGen       total 123392K, used 115504K [0x00000000c0000000, 0x00000000c7880000, 0x00000000eab00000)
  object space 123392K, 93% used [0x00000000c0000000,0x00000000c70cc268,0x00000000c7880000)
 Metaspace       used 85646K, committed 86656K, reserved 1130496K
  class space    used 8372K, committed 8768K, reserved 1048576K
}
Event: 3374,292 GC heap after
{Heap after GC invocations=6957 (full 235):
 PSYoungGen      total 4096K, used 502K [0x00000000eab00000, 0x00000000eb580000, 0x0000000100000000)
  eden space 3584K, 0% used [0x00000000eab00000,0x00000000eab00000,0x00000000eae80000)
  from space 512K, 98% used [0x00000000eb280000,0x00000000eb2fda80,0x00000000eb300000)
  to   space 3584K, 0% used [0x00000000eae80000,0x00000000eae80000,0x00000000eb200000)
 ParOldGen       total 123392K, used 117909K [0x00000000c0000000, 0x00000000c7880000, 0x00000000eab00000)
  object space 123392K, 95% used [0x00000000c0000000,0x00000000c7325708,0x00000000c7880000)
 Metaspace       used 85646K, committed 86656K, reserved 1130496K
  class space    used 8372K, committed 8768K, reserved 1048576K
}
Event: 3375,333 GC heap before
{Heap before GC invocations=6958 (full 235):
 PSYoungGen      total 4096K, used 4086K [0x00000000eab00000, 0x00000000eb580000, 0x0000000100000000)
  eden space 3584K, 99% used [0x00000000eab00000,0x00000000eae7fe68,0x00000000eae80000)
  from space 512K, 98% used [0x00000000eb280000,0x00000000eb2fda80,0x00000000eb300000)
  to   space 3584K, 0% used [0x00000000eae80000,0x00000000eae80000,0x00000000eb200000)
 ParOldGen       total 123392K, used 117909K [0x00000000c0000000, 0x00000000c7880000, 0x00000000eab00000)
  object space 123392K, 95% used [0x00000000c0000000,0x00000000c7325708,0x00000000c7880000)
 Metaspace       used 85646K, committed 86656K, reserved 1130496K
  class space    used 8372K, committed 8768K, reserved 1048576K
}
Event: 3375,341 GC heap after
{Heap after GC invocations=6958 (full 235):
 PSYoungGen      total 4608K, used 576K [0x00000000eab00000, 0x00000000eb300000, 0x0000000100000000)
  eden space 3584K, 0% used [0x00000000eab00000,0x00000000eab00000,0x00000000eae80000)
  from space 1024K, 56% used [0x00000000eae80000,0x00000000eaf10000,0x00000000eaf80000)
  to   space 1536K, 0% used [0x00000000eb180000,0x00000000eb180000,0x00000000eb300000)
 ParOldGen       total 123392K, used 118372K [0x00000000c0000000, 0x00000000c7880000, 0x00000000eab00000)
  object space 123392K, 95% used [0x00000000c0000000,0x00000000c7399188,0x00000000c7880000)
 Metaspace       used 85646K, committed 86656K, reserved 1130496K
  class space    used 8372K, committed 8768K, reserved 1048576K
}
Event: 3375,377 GC heap before
{Heap before GC invocations=6959 (full 235):
 PSYoungGen      total 4608K, used 4160K [0x00000000eab00000, 0x00000000eb300000, 0x0000000100000000)
  eden space 3584K, 100% used [0x00000000eab00000,0x00000000eae80000,0x00000000eae80000)
  from space 1024K, 56% used [0x00000000eae80000,0x00000000eaf10000,0x00000000eaf80000)
  to   space 1536K, 0% used [0x00000000eb180000,0x00000000eb180000,0x00000000eb300000)
 ParOldGen       total 123392K, used 118372K [0x00000000c0000000, 0x00000000c7880000, 0x00000000eab00000)
  object space 123392K, 95% used [0x00000000c0000000,0x00000000c7399188,0x00000000c7880000)
 Metaspace       used 85671K, committed 86720K, reserved 1130496K
  class space    used 8372K, committed 8768K, reserved 1048576K
}
Event: 3375,383 GC heap after
{Heap after GC invocations=6959 (full 235):
 PSYoungGen      total 4096K, used 1526K [0x00000000eab00000, 0x00000000eb680000, 0x0000000100000000)
  eden space 2560K, 0% used [0x00000000eab00000,0x00000000eab00000,0x00000000ead80000)
  from space 1536K, 99% used [0x00000000eb180000,0x00000000eb2fd970,0x00000000eb300000)
  to   space 4096K, 0% used [0x00000000ead80000,0x00000000ead80000,0x00000000eb180000)
 ParOldGen       total 123392K, used 120244K [0x00000000c0000000, 0x00000000c7880000, 0x00000000eab00000)
  object space 123392K, 97% used [0x00000000c0000000,0x00000000c756d188,0x00000000c7880000)
 Metaspace       used 85671K, committed 86720K, reserved 1130496K
  class space    used 8372K, committed 8768K, reserved 1048576K
}
Event: 3375,394 GC heap before
{Heap before GC invocations=6960 (full 235):
 PSYoungGen      total 4096K, used 4086K [0x00000000eab00000, 0x00000000eb680000, 0x0000000100000000)
  eden space 2560K, 100% used [0x00000000eab00000,0x00000000ead80000,0x00000000ead80000)
  from space 1536K, 99% used [0x00000000eb180000,0x00000000eb2fd970,0x00000000eb300000)
  to   space 4096K, 0% used [0x00000000ead80000,0x00000000ead80000,0x00000000eb180000)
 ParOldGen       total 123392K, used 120244K [0x00000000c0000000, 0x00000000c7880000, 0x00000000eab00000)
  object space 123392K, 97% used [0x00000000c0000000,0x00000000c756d188,0x00000000c7880000)
 Metaspace       used 85671K, committed 86720K, reserved 1130496K
  class space    used 8372K, committed 8768K, reserved 1048576K
}
Event: 3375,400 GC heap after
{Heap after GC invocations=6960 (full 235):
 PSYoungGen      total 5120K, used 2560K [0x00000000eab00000, 0x00000000eb380000, 0x0000000100000000)
  eden space 2560K, 0% used [0x00000000eab00000,0x00000000eab00000,0x00000000ead80000)
  from space 2560K, 100% used [0x00000000ead80000,0x00000000eb000000,0x00000000eb000000)
  to   space 3072K, 0% used [0x00000000eb080000,0x00000000eb080000,0x00000000eb380000)
 ParOldGen       total 123392K, used 121786K [0x00000000c0000000, 0x00000000c7880000, 0x00000000eab00000)
  object space 123392K, 98% used [0x00000000c0000000,0x00000000c76eeaf8,0x00000000c7880000)
 Metaspace       used 85671K, committed 86720K, reserved 1130496K
  class space    used 8372K, committed 8768K, reserved 1048576K
}
Event: 3375,400 GC heap before
{Heap before GC invocations=6961 (full 236):
 PSYoungGen      total 5120K, used 2560K [0x00000000eab00000, 0x00000000eb380000, 0x0000000100000000)
  eden space 2560K, 0% used [0x00000000eab00000,0x00000000eab00000,0x00000000ead80000)
  from space 2560K, 100% used [0x00000000ead80000,0x00000000eb000000,0x00000000eb000000)
  to   space 3072K, 0% used [0x00000000eb080000,0x00000000eb080000,0x00000000eb380000)
 ParOldGen       total 123392K, used 121786K [0x00000000c0000000, 0x00000000c7880000, 0x00000000eab00000)
  object space 123392K, 98% used [0x00000000c0000000,0x00000000c76eeaf8,0x00000000c7880000)
 Metaspace       used 85671K, committed 86720K, reserved 1130496K
  class space    used 8372K, committed 8768K, reserved 1048576K
}

